-- Found ament_cmake: 0.7.3 (/opt/ros/dashing/share/ament_cmake/cmake)
-- Using PYTHON_EXECUTABLE: /usr/bin/python3
-- Override CMake install command with custom implementation using symlinks instead of copying resources
-- Found rclcpp: 0.7.11 (/opt/ros/dashing/share/rclcpp/cmake)
-- Found rosidl_adapter: 0.7.7 (/opt/ros/dashing/share/rosidl_adapter/cmake)
-- Found rmw_implementation_cmake: 0.7.2 (/opt/ros/dashing/share/rmw_implementation_cmake/cmake)
-- Found rclpy: 0.7.8 (/opt/ros/dashing/share/rclpy/cmake)
-- Found std_msgs: 0.7.0 (/opt/ros/dashing/share/std_msgs/cmake)
-- Found gazebo_ros: 3.3.4 (/opt/ros/dashing/share/gazebo_ros/cmake)
-- Boost version: 1.65.1
-- Found the following Boost libraries:
--   thread
--   system
--   filesystem
--   program_options
--   regex
--   iostreams
--   date_time
--   chrono
--   atomic
-- Found Protobuf: /usr/lib/x86_64-linux-gnu/libprotobuf.so;-lpthread (found version "3.0.0") 
-- Boost version: 1.65.1
-- Looking for OGRE...
-- Found Ogre Ghadamon (1.9.0)
-- Found OGRE: optimized;/usr/lib/x86_64-linux-gnu/libOgreMain.so;debug;/usr/lib/x86_64-linux-gnu/libOgreMain.so
-- Looking for OGRE_Paging...
-- Found OGRE_Paging: optimized;/usr/lib/x86_64-linux-gnu/libOgrePaging.so;debug;/usr/lib/x86_64-linux-gnu/libOgrePaging.so
-- Looking for OGRE_Terrain...
-- Found OGRE_Terrain: optimized;/usr/lib/x86_64-linux-gnu/libOgreTerrain.so;debug;/usr/lib/x86_64-linux-gnu/libOgreTerrain.so
-- Looking for OGRE_Property...
-- Found OGRE_Property: optimized;/usr/lib/x86_64-linux-gnu/libOgreProperty.so;debug;/usr/lib/x86_64-linux-gnu/libOgreProperty.so
-- Looking for OGRE_RTShaderSystem...
-- Found OGRE_RTShaderSystem: optimized;/usr/lib/x86_64-linux-gnu/libOgreRTShaderSystem.so;debug;/usr/lib/x86_64-linux-gnu/libOgreRTShaderSystem.so
-- Looking for OGRE_Volume...
-- Found OGRE_Volume: optimized;/usr/lib/x86_64-linux-gnu/libOgreVolume.so;debug;/usr/lib/x86_64-linux-gnu/libOgreVolume.so
-- Looking for OGRE_Overlay...
-- Found OGRE_Overlay: optimized;/usr/lib/x86_64-linux-gnu/libOgreOverlay.so;debug;/usr/lib/x86_64-linux-gnu/libOgreOverlay.so
-- Found Protobuf: /usr/lib/x86_64-linux-gnu/libprotobuf.so;-lpthread;-lpthread (found suitable version "3.0.0", minimum required is "2.3.0") 
-- Config-file not installed for ZeroMQ -- checking for pkg-config
-- Checking for module 'libzmq >= 4'
--   Found libzmq , version 4.2.5
-- Checking for module 'uuid'
--   Found uuid, version 2.31.1
-- Checking for module 'tinyxml2'
--   Found tinyxml2, version 6.0.0
-- Looking for dlfcn.h - found
-- Looking for libdl - found
-- FreeImage.pc not found, we will search for FreeImage_INCLUDE_DIRS and FreeImage_LIBRARIES
-- Checking for module 'gts'
--   Found gts, version 0.7.6
-- Checking for module 'libswscale'
--   Found libswscale, version 4.8.100
-- Checking for module 'libavdevice >= 56.4.100'
--   Found libavdevice , version 57.10.100
-- Checking for module 'libavformat'
--   Found libavformat, version 57.83.100
-- Checking for module 'libavcodec'
--   Found libavcodec, version 57.107.100
-- Checking for module 'libavutil'
--   Found libavutil, version 55.78.100
-- Checking for module 'jsoncpp'
--   Found jsoncpp, version 1.7.4
-- Checking for module 'libzip'
--   Found libzip, version 1.1.2
-- Gazebo version: 11.0
-- Found ament_lint_auto: 0.7.11 (/opt/ros/dashing/share/ament_lint_auto/cmake)
-- Added test 'copyright' to check for copyright in CMake / C / C++ / Python code
-- Added test 'cppcheck' to perform static code analysis on C / C++ code
-- Configured cppcheck include dirs: 
-- Added test 'cpplint' to check C / C++ code against the Google style
-- Added test 'flake8' to check Python code syntax and style conventions
-- Added test 'lint_cmake' to check CMake code style
-- Added test 'pep257' to check Python code against some of the style conventions in PEP 257
-- Added test 'uncrustify' to check C / C++ code style
-- Added test 'xmllint' to check XML markup files
-- Configuring done
-- Generating done
-- Build files have been written to: /home/tar/ros2_ws/src/mis9_sim/build/mis9_sim
[35m[1mScanning dependencies of target cpp_code[0m
[ 50%] [32mBuilding CXX object CMakeFiles/cpp_code.dir/src/samplecode.cpp.o[0m
[100%] [32m[1mLinking CXX executable cpp_code[0m
[100%] Built target cpp_code
[100%] Built target cpp_code
[36mInstall the project...[0m
-- Install configuration: ""
-- Execute custom install script
-- Up-to-date symlink: /home/tar/ros2_ws/src/mis9_sim/install/mis9_sim/share/ament_index/resource_index/package_run_dependencies/mis9_sim
-- Up-to-date symlink: /home/tar/ros2_ws/src/mis9_sim/install/mis9_sim/share/ament_index/resource_index/parent_prefix_path/mis9_sim
-- Up-to-date symlink: /home/tar/ros2_ws/src/mis9_sim/install/mis9_sim/share/mis9_sim/environment/ament_prefix_path.sh
-- Up-to-date symlink: /home/tar/ros2_ws/src/mis9_sim/install/mis9_sim/share/mis9_sim/environment/path.sh
-- Up-to-date symlink: /home/tar/ros2_ws/src/mis9_sim/install/mis9_sim/share/mis9_sim/local_setup.bash
-- Up-to-date symlink: /home/tar/ros2_ws/src/mis9_sim/install/mis9_sim/share/mis9_sim/local_setup.sh
-- Up-to-date symlink: /home/tar/ros2_ws/src/mis9_sim/install/mis9_sim/share/mis9_sim/local_setup.zsh
-- Up-to-date symlink: /home/tar/ros2_ws/src/mis9_sim/install/mis9_sim/share/ament_index/resource_index/packages/mis9_sim
-- Up-to-date symlink: /home/tar/ros2_ws/src/mis9_sim/install/mis9_sim/share/mis9_sim/cmake/mis9_simConfig.cmake
-- Up-to-date symlink: /home/tar/ros2_ws/src/mis9_sim/install/mis9_sim/share/mis9_sim/cmake/mis9_simConfig-version.cmake
-- Up-to-date symlink: /home/tar/ros2_ws/src/mis9_sim/install/mis9_sim/share/mis9_sim/package.xml
-- Up-to-date symlink: /home/tar/ros2_ws/src/mis9_sim/install/mis9_sim/lib/mis9_sim/cpp_code
CMake Warning (dev) at ament_cmake_symlink_install/ament_cmake_symlink_install.cmake:62 (file):
  Policy CMP0009 is not set: FILE GLOB_RECURSE calls should not follow
  symlinks by default.  Run "cmake --help-policy CMP0009" for policy details.
  Use the cmake_policy command to set the policy and suppress this warning.
Call Stack (most recent call first):
  ament_cmake_symlink_install/ament_cmake_symlink_install.cmake:347 (ament_cmake_symlink_install_directory)
  cmake_install.cmake:41 (include)
This warning is for project developers.  Use -Wno-dev to suppress it.

-- Symlinking: /home/tar/ros2_ws/src/mis9_sim/install/mis9_sim/share/mis9_sim//launch/__pycache__/gazebo.launch.cpython-36.pyc
-- Symlinking: /home/tar/ros2_ws/src/mis9_sim/install/mis9_sim/share/mis9_sim//launch/__pycache__/gzclient.launch.cpython-36.pyc
-- Symlinking: /home/tar/ros2_ws/src/mis9_sim/install/mis9_sim/share/mis9_sim//launch/__pycache__/gzserver.launch.cpython-36.pyc
-- Symlinking: /home/tar/ros2_ws/src/mis9_sim/install/mis9_sim/share/mis9_sim//launch/__pycache__/sample.launch.cpython-36.pyc
-- Symlinking: /home/tar/ros2_ws/src/mis9_sim/install/mis9_sim/share/mis9_sim//launch/build/.built_by
-- Symlinking: /home/tar/ros2_ws/src/mis9_sim/install/mis9_sim/share/mis9_sim//launch/build/COLCON_IGNORE
-- Symlinking: /home/tar/ros2_ws/src/mis9_sim/install/mis9_sim/share/mis9_sim//launch/gazebo.launch.py
-- Symlinking: /home/tar/ros2_ws/src/mis9_sim/install/mis9_sim/share/mis9_sim//launch/gzclient.launch.py
-- Symlinking: /home/tar/ros2_ws/src/mis9_sim/install/mis9_sim/share/mis9_sim//launch/gzserver.launch.py
-- Symlinking: /home/tar/ros2_ws/src/mis9_sim/install/mis9_sim/share/mis9_sim//launch/install/.colcon_install_layout
-- Symlinking: /home/tar/ros2_ws/src/mis9_sim/install/mis9_sim/share/mis9_sim//launch/install/COLCON_IGNORE
-- Symlinking: /home/tar/ros2_ws/src/mis9_sim/install/mis9_sim/share/mis9_sim//launch/install/_local_setup_util_ps1.py
-- Symlinking: /home/tar/ros2_ws/src/mis9_sim/install/mis9_sim/share/mis9_sim//launch/install/_local_setup_util_sh.py
-- Symlinking: /home/tar/ros2_ws/src/mis9_sim/install/mis9_sim/share/mis9_sim//launch/install/local_setup.bash
-- Symlinking: /home/tar/ros2_ws/src/mis9_sim/install/mis9_sim/share/mis9_sim//launch/install/local_setup.ps1
-- Symlinking: /home/tar/ros2_ws/src/mis9_sim/install/mis9_sim/share/mis9_sim//launch/install/local_setup.sh
-- Symlinking: /home/tar/ros2_ws/src/mis9_sim/install/mis9_sim/share/mis9_sim//launch/install/local_setup.zsh
-- Symlinking: /home/tar/ros2_ws/src/mis9_sim/install/mis9_sim/share/mis9_sim//launch/install/setup.bash
-- Symlinking: /home/tar/ros2_ws/src/mis9_sim/install/mis9_sim/share/mis9_sim//launch/install/setup.ps1
-- Symlinking: /home/tar/ros2_ws/src/mis9_sim/install/mis9_sim/share/mis9_sim//launch/install/setup.sh
-- Symlinking: /home/tar/ros2_ws/src/mis9_sim/install/mis9_sim/share/mis9_sim//launch/install/setup.zsh
-- Symlinking: /home/tar/ros2_ws/src/mis9_sim/install/mis9_sim/share/mis9_sim//launch/log/COLCON_IGNORE
-- Symlinking: /home/tar/ros2_ws/src/mis9_sim/install/mis9_sim/share/mis9_sim//launch/log/build_2019-10-27_13-52-44/events.log
-- Symlinking: /home/tar/ros2_ws/src/mis9_sim/install/mis9_sim/share/mis9_sim//launch/log/build_2019-10-27_13-52-44/logger_all.log
-- Symlinking: /home/tar/ros2_ws/src/mis9_sim/install/mis9_sim/share/mis9_sim//launch/log/build_2019-12-08_13-49-45/events.log
-- Symlinking: /home/tar/ros2_ws/src/mis9_sim/install/mis9_sim/share/mis9_sim//launch/log/build_2019-12-08_13-49-45/logger_all.log
-- Symlinking: /home/tar/ros2_ws/src/mis9_sim/install/mis9_sim/share/mis9_sim//launch/log/latest/events.log
-- Symlinking: /home/tar/ros2_ws/src/mis9_sim/install/mis9_sim/share/mis9_sim//launch/log/latest/logger_all.log
-- Symlinking: /home/tar/ros2_ws/src/mis9_sim/install/mis9_sim/share/mis9_sim//launch/log/latest_build/events.log
-- Symlinking: /home/tar/ros2_ws/src/mis9_sim/install/mis9_sim/share/mis9_sim//launch/log/latest_build/logger_all.log
-- Symlinking: /home/tar/ros2_ws/src/mis9_sim/install/mis9_sim/share/mis9_sim//launch/sample.launch.py
