[0.112s] DEBUG:colcon:Command line arguments: ['/usr/bin/colcon', 'build', '--symlink-install']
[0.112s] DEBUG:colcon:Parsed command line arguments: Namespace(ament_cmake_args=None, base_paths='.', build_base='build', catkin_cmake_args=None, catkin_skip_building_tests=False, cmake_args=None, cmake_clean_cache=False, cmake_clean_first=False, cmake_force_configure=False, cmake_target=None, cmake_target_skip_unavailable=False, continue_on_error=False, event_handlers=None, executor='parallel', ignore_user_meta=False, install_base='install', log_base='log', log_level=None, main=<bound method BuildVerb.main of <colcon_core.verb.build.BuildVerb object at 0x7f5c296842e8>>, merge_install=False, metas='./colcon.meta', packages_above=None, packages_above_depth=None, packages_end=None, packages_ignore=None, packages_ignore_regex=None, packages_select=None, packages_select_build_failed=False, packages_select_by_dep=None, packages_select_regex=None, packages_select_test_failures=False, packages_skip=None, packages_skip_build_finished=False, packages_skip_by_dep=None, packages_skip_regex=None, packages_skip_test_passed=False, packages_skip_up_to=None, packages_start=None, packages_up_to=None, parallel_workers=12, paths=None, symlink_install=True, test_result_base=None, verb_extension=<colcon_core.verb.build.BuildVerb object at 0x7f5c296842e8>, verb_name='build', verb_parser=<colcon_defaults.argument_parser.defaults.DefaultArgumentsDecorator object at 0x7f5c296845f8>)
[0.140s] Level 1:colcon.colcon_core.package_discovery:discover_packages(colcon_meta) check parameters
[0.141s] Level 1:colcon.colcon_core.package_discovery:discover_packages(recursive) check parameters
[0.141s] Level 1:colcon.colcon_core.package_discovery:discover_packages(ignore) check parameters
[0.141s] Level 1:colcon.colcon_core.package_discovery:discover_packages(path) check parameters
[0.141s] Level 1:colcon.colcon_core.package_discovery:discover_packages(recursive) discover
[0.141s] INFO:colcon.colcon_core.package_discovery:Crawling recursively for packages in '/home/tar/ros2_ws/src/mis9_sim'
[0.141s] Level 1:colcon.colcon_core.package_identification:_identify(/home/tar/ros2_ws/src/mis9_sim) by extensions ['ignore', 'ignore_ament_install']
[0.141s] Level 1:colcon.colcon_core.package_identification:_identify(/home/tar/ros2_ws/src/mis9_sim) by extension 'ignore'
[0.141s] Level 1:colcon.colcon_core.package_identification:_identify(/home/tar/ros2_ws/src/mis9_sim) by extension 'ignore_ament_install'
[0.141s] Level 1:colcon.colcon_core.package_identification:_identify(/home/tar/ros2_ws/src/mis9_sim) by extensions ['colcon_pkg']
[0.141s] Level 1:colcon.colcon_core.package_identification:_identify(/home/tar/ros2_ws/src/mis9_sim) by extension 'colcon_pkg'
[0.141s] Level 1:colcon.colcon_core.package_identification:_identify(/home/tar/ros2_ws/src/mis9_sim) by extensions ['colcon_meta']
[0.141s] Level 1:colcon.colcon_core.package_identification:_identify(/home/tar/ros2_ws/src/mis9_sim) by extension 'colcon_meta'
[0.141s] Level 1:colcon.colcon_core.package_identification:_identify(/home/tar/ros2_ws/src/mis9_sim) by extensions ['ros']
[0.141s] Level 1:colcon.colcon_core.package_identification:_identify(/home/tar/ros2_ws/src/mis9_sim) by extension 'ros'
[0.152s] DEBUG:colcon.colcon_core.package_identification:Package '/home/tar/ros2_ws/src/mis9_sim' with type 'ros.ament_cmake' and name 'mis9_sim'
[0.152s] Level 1:colcon.colcon_core.package_discovery:discover_packages(recursive) using defaults
[0.156s] Level 5:colcon.colcon_core.verb:set package 'mis9_sim' build argument 'cmake_args' from command line to 'None'
[0.156s] Level 5:colcon.colcon_core.verb:set package 'mis9_sim' build argument 'cmake_target' from command line to 'None'
[0.156s] Level 5:colcon.colcon_core.verb:set package 'mis9_sim' build argument 'cmake_target_skip_unavailable' from command line to 'False'
[0.156s] Level 5:colcon.colcon_core.verb:set package 'mis9_sim' build argument 'cmake_clean_cache' from command line to 'False'
[0.156s] Level 5:colcon.colcon_core.verb:set package 'mis9_sim' build argument 'cmake_clean_first' from command line to 'False'
[0.156s] Level 5:colcon.colcon_core.verb:set package 'mis9_sim' build argument 'cmake_force_configure' from command line to 'False'
[0.156s] Level 5:colcon.colcon_core.verb:set package 'mis9_sim' build argument 'ament_cmake_args' from command line to 'None'
[0.156s] Level 5:colcon.colcon_core.verb:set package 'mis9_sim' build argument 'catkin_cmake_args' from command line to 'None'
[0.156s] Level 5:colcon.colcon_core.verb:set package 'mis9_sim' build argument 'catkin_skip_building_tests' from command line to 'False'
[0.156s] DEBUG:colcon.colcon_core.verb:Building package 'mis9_sim' with the following arguments: {'ament_cmake_args': None, 'build_base': '/home/tar/ros2_ws/src/mis9_sim/build/mis9_sim', 'catkin_cmake_args': None, 'catkin_skip_building_tests': False, 'cmake_args': None, 'cmake_clean_cache': False, 'cmake_clean_first': False, 'cmake_force_configure': False, 'cmake_target': None, 'cmake_target_skip_unavailable': False, 'install_base': '/home/tar/ros2_ws/src/mis9_sim/install/mis9_sim', 'merge_install': False, 'path': '/home/tar/ros2_ws/src/mis9_sim', 'symlink_install': True, 'test_result_base': None}
[0.157s] INFO:colcon.colcon_core.executor:Executing jobs using 'parallel' executor
[0.158s] DEBUG:colcon.colcon_parallel_executor.executor.parallel:run_until_complete
[0.158s] INFO:colcon.colcon_ros.task.ament_cmake.build:Building ROS package in '/home/tar/ros2_ws/src/mis9_sim' with build type 'ament_cmake'
[0.161s] INFO:colcon.colcon_core.plugin_system:Skipping extension 'colcon_core.shell.bat': Not used on non-Windows systems
[0.161s] INFO:colcon.colcon_cmake.task.cmake.build:Building CMake package in '/home/tar/ros2_ws/src/mis9_sim'
[0.161s] INFO:colcon.colcon_core.shell:Skip shell extension 'powershell' for command environment: Not usable outside of PowerShell
[0.162s] DEBUG:colcon.colcon_core.shell:Skip shell extension 'dsv' for command environment
[0.163s] DEBUG:colcon.colcon_core.shell:Ignoring prefix path '/opt/ros/dashing'
[0.176s] DEBUG:colcon.colcon_core.event_handler.log_command:Invoking command in '/home/tar/ros2_ws/src/mis9_sim/build/mis9_sim': CMAKE_PREFIX_PATH=${CMAKE_PREFIX_PATH}:/opt/ros/dashing /usr/bin/cmake /home/tar/ros2_ws/src/mis9_sim -DAMENT_CMAKE_SYMLINK_INSTALL=1 -DCMAKE_INSTALL_PREFIX=/home/tar/ros2_ws/src/mis9_sim/install/mis9_sim
[2.541s] DEBUG:colcon.colcon_core.event_handler.log_command:Invoked command in '/home/tar/ros2_ws/src/mis9_sim/build/mis9_sim' returned '0': CMAKE_PREFIX_PATH=${CMAKE_PREFIX_PATH}:/opt/ros/dashing /usr/bin/cmake /home/tar/ros2_ws/src/mis9_sim -DAMENT_CMAKE_SYMLINK_INSTALL=1 -DCMAKE_INSTALL_PREFIX=/home/tar/ros2_ws/src/mis9_sim/install/mis9_sim
[2.546s] DEBUG:colcon.colcon_core.event_handler.log_command:Invoking command in '/home/tar/ros2_ws/src/mis9_sim/build/mis9_sim': CMAKE_PREFIX_PATH=${CMAKE_PREFIX_PATH}:/opt/ros/dashing /usr/bin/cmake --build /home/tar/ros2_ws/src/mis9_sim/build/mis9_sim -- -j12 -l12
[3.859s] DEBUG:colcon.colcon_core.event_handler.log_command:Invoked command in '/home/tar/ros2_ws/src/mis9_sim/build/mis9_sim' returned '0': CMAKE_PREFIX_PATH=${CMAKE_PREFIX_PATH}:/opt/ros/dashing /usr/bin/cmake --build /home/tar/ros2_ws/src/mis9_sim/build/mis9_sim -- -j12 -l12
[3.897s] DEBUG:colcon.colcon_core.event_handler.log_command:Invoking command in '/home/tar/ros2_ws/src/mis9_sim/build/mis9_sim': CMAKE_PREFIX_PATH=${CMAKE_PREFIX_PATH}:/opt/ros/dashing /usr/bin/cmake --build /home/tar/ros2_ws/src/mis9_sim/build/mis9_sim --target install
[4.214s] Level 1:colcon.colcon_core.environment:create_environment_scripts_only(mis9_sim)
[4.216s] DEBUG:colcon.colcon_core.event_handler.log_command:Invoked command in '/home/tar/ros2_ws/src/mis9_sim/build/mis9_sim' returned '0': CMAKE_PREFIX_PATH=${CMAKE_PREFIX_PATH}:/opt/ros/dashing /usr/bin/cmake --build /home/tar/ros2_ws/src/mis9_sim/build/mis9_sim --target install
[4.222s] Level 1:colcon.colcon_core.environment:checking '/home/tar/ros2_ws/src/mis9_sim/install/mis9_sim' for CMake module files
[4.222s] Level 1:colcon.colcon_core.environment:checking '/home/tar/ros2_ws/src/mis9_sim/install/mis9_sim' for CMake config files
[4.223s] Level 1:colcon.colcon_core.shell:create_environment_hook('mis9_sim', 'cmake_prefix_path')
[4.223s] INFO:colcon.colcon_core.shell:Creating environment hook '/home/tar/ros2_ws/src/mis9_sim/install/mis9_sim/share/mis9_sim/hook/cmake_prefix_path.ps1'
[4.224s] INFO:colcon.colcon_core.shell:Creating environment descriptor '/home/tar/ros2_ws/src/mis9_sim/install/mis9_sim/share/mis9_sim/hook/cmake_prefix_path.dsv'
[4.225s] INFO:colcon.colcon_core.shell:Creating environment hook '/home/tar/ros2_ws/src/mis9_sim/install/mis9_sim/share/mis9_sim/hook/cmake_prefix_path.sh'
[4.226s] Level 1:colcon.colcon_core.environment:checking '/home/tar/ros2_ws/src/mis9_sim/install/mis9_sim/lib'
[4.226s] Level 1:colcon.colcon_core.environment:checking '/home/tar/ros2_ws/src/mis9_sim/install/mis9_sim/bin'
[4.227s] Level 1:colcon.colcon_core.environment:checking '/home/tar/ros2_ws/src/mis9_sim/install/mis9_sim/lib/pkgconfig/mis9_sim.pc'
[4.227s] Level 1:colcon.colcon_core.environment:checking '/home/tar/ros2_ws/src/mis9_sim/install/mis9_sim/lib/python3.6/site-packages'
[4.227s] INFO:colcon.colcon_core.shell:Creating package script '/home/tar/ros2_ws/src/mis9_sim/install/mis9_sim/share/mis9_sim/package.ps1'
[4.228s] INFO:colcon.colcon_core.shell:Creating package descriptor '/home/tar/ros2_ws/src/mis9_sim/install/mis9_sim/share/mis9_sim/package.dsv'
[4.229s] INFO:colcon.colcon_core.shell:Creating package script '/home/tar/ros2_ws/src/mis9_sim/install/mis9_sim/share/mis9_sim/package.sh'
[4.230s] INFO:colcon.colcon_core.shell:Creating package script '/home/tar/ros2_ws/src/mis9_sim/install/mis9_sim/share/mis9_sim/package.bash'
[4.231s] INFO:colcon.colcon_core.shell:Creating package script '/home/tar/ros2_ws/src/mis9_sim/install/mis9_sim/share/mis9_sim/package.zsh'
[4.232s] Level 1:colcon.colcon_core.environment:create_file_with_runtime_dependencies(/home/tar/ros2_ws/src/mis9_sim/install/mis9_sim/share/colcon-core/packages/mis9_sim)
[4.233s] DEBUG:colcon.colcon_parallel_executor.executor.parallel:closing loop
[4.234s] DEBUG:colcon.colcon_parallel_executor.executor.parallel:loop closed
[4.234s] DEBUG:colcon.colcon_parallel_executor.executor.parallel:run_until_complete finished with '0'
[4.234s] DEBUG:colcon.colcon_core.event_reactor:joining thread
[4.245s] INFO:colcon.colcon_core.plugin_system:Skipping extension 'colcon_notification.desktop_notification.terminal_notifier': Not used on non-Darwin systems
[4.245s] INFO:colcon.colcon_core.plugin_system:Skipping extension 'colcon_notification.desktop_notification.win32': Not used on non-Windows systems
[4.245s] INFO:colcon.colcon_notification.desktop_notification:Sending desktop notification using 'notify2'
[4.249s] DEBUG:colcon.colcon_core.event_reactor:joined thread
[4.251s] INFO:colcon.colcon_core.shell:Creating prefix script '/home/tar/ros2_ws/src/mis9_sim/install/local_setup.ps1'
[4.254s] INFO:colcon.colcon_core.shell:Creating prefix chain script '/home/tar/ros2_ws/src/mis9_sim/install/setup.ps1'
[4.258s] INFO:colcon.colcon_core.shell:Creating prefix script '/home/tar/ros2_ws/src/mis9_sim/install/local_setup.sh'
[4.259s] INFO:colcon.colcon_core.shell:Creating prefix util module '/home/tar/ros2_ws/src/mis9_sim/install/_local_setup_util_sh.py'
[4.260s] INFO:colcon.colcon_core.shell:Creating prefix chain script '/home/tar/ros2_ws/src/mis9_sim/install/setup.sh'
[4.264s] INFO:colcon.colcon_core.shell:Creating prefix script '/home/tar/ros2_ws/src/mis9_sim/install/local_setup.bash'
[4.264s] INFO:colcon.colcon_core.shell:Creating prefix chain script '/home/tar/ros2_ws/src/mis9_sim/install/setup.bash'
[4.266s] INFO:colcon.colcon_core.shell:Creating prefix script '/home/tar/ros2_ws/src/mis9_sim/install/local_setup.zsh'
[4.267s] INFO:colcon.colcon_core.shell:Creating prefix chain script '/home/tar/ros2_ws/src/mis9_sim/install/setup.zsh'
